<?xml version="1.0" encoding="UTF-8"?>
<testng-results ignored="0" total="3" passed="3" failed="0" skipped="0">
  <reporter-output>
  </reporter-output>
  <suite started-at="2021-05-25T22:28:39 IST" name="Default suite" finished-at="2021-05-25T22:29:24 IST" duration-ms="45117">
    <groups>
    </groups>
    <test started-at="2021-05-25T22:28:39 IST" name="Default test" finished-at="2021-05-25T22:29:24 IST" duration-ms="45117">
      <class name="tests.TS_FormFillupInvalid">
        <test-method is-config="true" signature="openWebsite()[pri:0, instance:tests.TS_FormFillupInvalid@44a7bfbc]" started-at="2021-05-25T22:28:32 IST" name="openWebsite" finished-at="2021-05-25T22:28:39 IST" duration-ms="6539" status="PASS">
          <reporter-output>
          </reporter-output>
        </test-method> <!-- openWebsite -->
        <test-method signature="TC_InvalidEmail()[pri:1, instance:tests.TS_FormFillupInvalid@44a7bfbc]" started-at="2021-05-25T22:28:39 IST" name="TC_InvalidEmail" finished-at="2021-05-25T22:29:04 IST" duration-ms="25192" status="PASS">
          <reporter-output>
          </reporter-output>
        </test-method> <!-- TC_InvalidEmail -->
        <test-method signature="TC_wrongData1()[pri:2, instance:tests.TS_FormFillupInvalid@44a7bfbc]" started-at="2021-05-25T22:29:04 IST" name="TC_wrongData1" finished-at="2021-05-25T22:29:14 IST" duration-ms="9759" status="PASS">
          <reporter-output>
          </reporter-output>
        </test-method> <!-- TC_wrongData1 -->
        <test-method signature="TC_wrongData2()[pri:3, instance:tests.TS_FormFillupInvalid@44a7bfbc]" started-at="2021-05-25T22:29:14 IST" name="TC_wrongData2" finished-at="2021-05-25T22:29:24 IST" duration-ms="10051" status="PASS">
          <reporter-output>
          </reporter-output>
        </test-method> <!-- TC_wrongData2 -->
        <test-method is-config="true" signature="exitBrowser()[pri:0, instance:tests.TS_FormFillupInvalid@44a7bfbc]" started-at="2021-05-25T22:29:24 IST" name="exitBrowser" finished-at="2021-05-25T22:29:25 IST" duration-ms="910" status="PASS">
          <reporter-output>
          </reporter-output>
        </test-method> <!-- exitBrowser -->
      </class> <!-- tests.TS_FormFillupInvalid -->
    </test> <!-- Default test -->
  </suite> <!-- Default suite -->
</testng-results>
