<?xml version="1.0" encoding="UTF-8"?>
<!-- Generated by org.testng.reporters.JUnitXMLReporter -->
<testsuite ignored="0" hostname="LAPTOP-EHRJLOFV" failures="0" tests="3" name="Default test" time="45.117" errors="0" timestamp="2021-05-25T22:29:24 IST">
  <testcase classname="tests.TS_FormFillupInvalid" name="TC_InvalidEmail" time="25.192"/>
  <testcase classname="tests.TS_FormFillupInvalid" name="TC_wrongData1" time="9.759"/>
  <testcase classname="tests.TS_FormFillupInvalid" name="TC_wrongData2" time="10.051"/>
</testsuite> <!-- Default test -->
